<?xml version="1.0" encoding="UTF-8"?>
<!-- Generated by org.testng.reporters.JUnitReportReporter -->
<testsuite hostname="SURYA" failures="0" tests="1" name="day3.HeadersDemo" time="2.575" errors="0" timestamp="2024-10-22T13:00:48 IST" skipped="0">
  <testcase classname="day3.HeadersDemo" name="getHeaders" time="2.575"/>
  <system-out/>
</testsuite> <!-- day3.HeadersDemo -->
