<?xml version="1.0" encoding="UTF-8"?>
<!-- Generated by org.testng.reporters.JUnitReportReporter -->
<testsuite hostname="SURYA" failures="0" tests="1" name="day4.ParsingJsonResponseData" time="1.055" errors="0" timestamp="2024-10-22T18:39:04 IST" skipped="0">
  <testcase classname="day4.ParsingJsonResponseData" name="testJsonResponse" time="1.055"/>
  <system-out/>
</testsuite> <!-- day4.ParsingJsonResponseData -->
