<?xml version="1.0" encoding="UTF-8"?>
<!-- Generated by org.testng.reporters.JUnitReportReporter -->
<testsuite hostname="SURYA" failures="0" tests="1" name="day3.LoggingDemo" time="2.292" errors="0" timestamp="2024-10-22T13:10:57 IST" skipped="0">
  <testcase classname="day3.LoggingDemo" name="testLogs" time="2.292"/>
  <system-out/>
</testsuite> <!-- day3.LoggingDemo -->
