<?xml version="1.0" encoding="UTF-8"?>
<!-- Generated by org.testng.reporters.JUnitReportReporter -->
<testsuite hostname="SURYA" failures="0" tests="2" name="day2.WaysToCreatePostReq" time="1.561" errors="0" timestamp="2024-10-21T18:30:44 IST" skipped="0">
  <testcase classname="day2.WaysToCreatePostReq" name="TestPostUsingExtFile" time="1.487"/>
  <system-out/>
  <testcase classname="day2.WaysToCreatePostReq" name="deletingStudent" time="0.074"/>
  <system-out/>
</testsuite> <!-- day2.WaysToCreatePostReq -->
