<?xml version="1.0" encoding="UTF-8"?>
<!-- Generated by org.testng.reporters.JUnitReportReporter -->
<testsuite hostname="SURYA" failures="0" tests="1" name="day3.CookiesDemo" time="1.741" errors="0" timestamp="2024-10-22T12:36:58 IST" skipped="0">
  <testcase classname="day3.CookiesDemo" name="getCookiesInfo" time="1.741"/>
  <system-out/>
</testsuite> <!-- day3.CookiesDemo -->
