<?xml version="1.0" encoding="UTF-8"?>
<!-- Generated by org.testng.reporters.JUnitReportReporter -->
<testsuite hostname="SURYA" failures="0" tests="4" name="day1.HTTPrequests" time="3.403" errors="0" timestamp="2024-10-21T17:00:41 IST" skipped="0">
  <testcase classname="day1.HTTPrequests" name="getUser" time="1.876"/>
  <system-out/>
  <testcase classname="day1.HTTPrequests" name="createUser" time="0.727"/>
  <system-out/>
  <testcase classname="day1.HTTPrequests" name="updateUser" time="0.443"/>
  <system-out/>
  <testcase classname="day1.HTTPrequests" name="deleteUser" time="0.357"/>
  <system-out/>
</testsuite> <!-- day1.HTTPrequests -->
